Determining if the pthread_create exist failed with the following output:
Change Dir: /home/workspace/CppND-Route-Planning-Project/cmake/CMakeFiles/CMakeTmp

Run Build Command:"/usr/bin/make" "cmTC_5464e/fast"
/usr/bin/make -f CMakeFiles/cmTC_5464e.dir/build.make CMakeFiles/cmTC_5464e.dir/build
make[1]: Entering directory '/home/workspace/CppND-Route-Planning-Project/cmake/CMakeFiles/CMakeTmp'
Building C object CMakeFiles/cmTC_5464e.dir/CheckSymbolExists.c.o
/usr/bin/cc    -o CMakeFiles/cmTC_5464e.dir/CheckSymbolExists.c.o   -c /home/workspace/CppND-Route-Planning-Project/cmake/CMakeFiles/CMakeTmp/CheckSymbolExists.c
Linking C executable cmTC_5464e
/usr/local/bin/cmake -E cmake_link_script CMakeFiles/cmTC_5464e.dir/link.txt --verbose=1
/usr/bin/cc      -rdynamic CMakeFiles/cmTC_5464e.dir/CheckSymbolExists.c.o  -o cmTC_5464e 
CMakeFiles/cmTC_5464e.dir/CheckSymbolExists.c.o: In function `main':
CheckSymbolExists.c:(.text+0x16): undefined reference to `pthread_create'
collect2: error: ld returned 1 exit status
CMakeFiles/cmTC_5464e.dir/build.make:86: recipe for target 'cmTC_5464e' failed
make[1]: *** [cmTC_5464e] Error 1
make[1]: Leaving directory '/home/workspace/CppND-Route-Planning-Project/cmake/CMakeFiles/CMakeTmp'
Makefile:121: recipe for target 'cmTC_5464e/fast' failed
make: *** [cmTC_5464e/fast] Error 2

File /home/workspace/CppND-Route-Planning-Project/cmake/CMakeFiles/CMakeTmp/CheckSymbolExists.c:
/* */
#include <pthread.h>

int main(int argc, char** argv)
{
  (void)argv;
#ifndef pthread_create
  return ((int*)(&pthread_create))[argc];
#else
  (void)argc;
  return 0;
#endif
}

Determining if the function pthread_create exists in the pthreads failed with the following output:
Change Dir: /home/workspace/CppND-Route-Planning-Project/cmake/CMakeFiles/CMakeTmp

Run Build Command:"/usr/bin/make" "cmTC_0e349/fast"
/usr/bin/make -f CMakeFiles/cmTC_0e349.dir/build.make CMakeFiles/cmTC_0e349.dir/build
make[1]: Entering directory '/home/workspace/CppND-Route-Planning-Project/cmake/CMakeFiles/CMakeTmp'
Building C object CMakeFiles/cmTC_0e349.dir/CheckFunctionExists.c.o
/usr/bin/cc   -DCHECK_FUNCTION_EXISTS=pthread_create   -o CMakeFiles/cmTC_0e349.dir/CheckFunctionExists.c.o   -c /usr/local/share/cmake-3.13/Modules/CheckFunctionExists.c
Linking C executable cmTC_0e349
/usr/local/bin/cmake -E cmake_link_script CMakeFiles/cmTC_0e349.dir/link.txt --verbose=1
/usr/bin/cc  -DCHECK_FUNCTION_EXISTS=pthread_create    -rdynamic CMakeFiles/cmTC_0e349.dir/CheckFunctionExists.c.o  -o cmTC_0e349 -lpthreads 
/usr/bin/ld: cannot find -lpthreads
collect2: error: ld returned 1 exit status
CMakeFiles/cmTC_0e349.dir/build.make:86: recipe for target 'cmTC_0e349' failed
make[1]: *** [cmTC_0e349] Error 1
make[1]: Leaving directory '/home/workspace/CppND-Route-Planning-Project/cmake/CMakeFiles/CMakeTmp'
Makefile:121: recipe for target 'cmTC_0e349/fast' failed
make: *** [cmTC_0e349/fast] Error 2


